<?xml version="1.0" encoding="UTF-8"?>
<!-- Generated by org.testng.reporters.JUnitReportReporter -->
<testsuite hostname="Lenovo" failures="0" tests="1" name="eCommerceTest.SelectAndItemByBrandTest" time="124.482" errors="0" timestamp="2024-07-02T12:34:24 IST" skipped="0">
  <testcase classname="eCommerceTest.SelectAndItemByBrandTest" name="SelectAndItemByBrandTst" time="124.482"/>
  <system-out/>
</testsuite> <!-- eCommerceTest.SelectAndItemByBrandTest -->
