<?xml version="1.0" encoding="UTF-8"?>
<!-- Generated by org.testng.reporters.JUnitReportReporter -->
<testsuite hostname="Lenovo" failures="0" tests="1" name="eCommerceTest.SignInTest" time="111.408" errors="0" timestamp="2024-07-02T12:34:25 IST" skipped="0">
  <testcase classname="eCommerceTest.SignInTest" name="SignInTst" time="111.408"/>
  <system-out/>
</testsuite> <!-- eCommerceTest.SignInTest -->
