<?xml version="1.0" encoding="UTF-8"?>
<!-- Generated by org.testng.reporters.JUnitReportReporter -->
<testsuite hostname="Lenovo" failures="0" tests="1" name="eCommerceTest.CreatetheAccountTest" time="99.609" errors="0" timestamp="2024-07-02T12:34:25 IST" skipped="0">
  <testcase classname="eCommerceTest.CreatetheAccountTest" name="CreatetheAccountTst" time="99.609"/>
  <system-out/>
</testsuite> <!-- eCommerceTest.CreatetheAccountTest -->
