<?xml version="1.0" encoding="UTF-8"?>
<!-- Generated by org.testng.reporters.JUnitReportReporter -->
<testsuite hostname="Lenovo" failures="0" tests="1" name="eCommerceTest.ValidatetheLinkTest" time="87.008" errors="0" timestamp="2024-07-02T12:34:24 IST" skipped="0">
  <testcase classname="eCommerceTest.ValidatetheLinkTest" name="ValidatetheLinkTst" time="87.008"/>
  <system-out/>
</testsuite> <!-- eCommerceTest.ValidatetheLinkTest -->
